Time resolution is 1 ps
WARNING: This core is supplied with a behavioral model. To model cycle-accurate behavior you must run timing simulation.
WARNING: This core is supplied with a behavioral model. To model cycle-accurate behavior you must run timing simulation.
WARNING in testbench.TOP.DM.inst at time                    0 ns: 
Reading from out-of-range address. Max address in testbench.TOP.DM.inst is       16383
WARNING in testbench.TOP.DM.inst at time              2455000 ns: 
Reading from out-of-range address. Max address in testbench.TOP.DM.inst is       16383
WARNING in testbench.TOP.DM.inst at time             12655000 ns: 
Reading from out-of-range address. Max address in testbench.TOP.DM.inst is       16383
WARNING in testbench.TOP.DM.inst at time             13105000 ns: 
Reading from out-of-range address. Max address in testbench.TOP.DM.inst is       16383
WARNING in testbench.TOP.DM.inst at time             13605000 ns: 
Reading from out-of-range address. Max address in testbench.TOP.DM.inst is       16383
WARNING in testbench.TOP.DM.inst at time             14055000 ns: 
Reading from out-of-range address. Max address in testbench.TOP.DM.inst is       16383
WARNING in testbench.TOP.DM.inst at time             14755000 ns: 
Reading from out-of-range address. Max address in testbench.TOP.DM.inst is       16383
WARNING in testbench.TOP.DM.inst at time             15155000 ns: 
Reading from out-of-range address. Max address in testbench.TOP.DM.inst is       16383
WARNING in testbench.TOP.DM.inst at time             15755000 ns: 
Reading from out-of-range address. Max address in testbench.TOP.DM.inst is       16383
WARNING in testbench.TOP.DM.inst at time             16155000 ns: 
Reading from out-of-range address. Max address in testbench.TOP.DM.inst is       16383
WARNING in testbench.TOP.DM.inst at time             38655000 ns: 
Reading from out-of-range address. Max address in testbench.TOP.DM.inst is       16383
WARNING in testbench.TOP.DM.inst at time             39005000 ns: 
Reading from out-of-range address. Max address in testbench.TOP.DM.inst is       16383
WARNING in testbench.TOP.DM.inst at time             39405000 ns: 
Reading from out-of-range address. Max address in testbench.TOP.DM.inst is       16383
WARNING in testbench.TOP.DM.inst at time             43905000 ns: 
Reading from out-of-range address. Max address in testbench.TOP.DM.inst is       16383
WARNING in testbench.TOP.DM.inst at time             44355000 ns: 
Reading from out-of-range address. Max address in testbench.TOP.DM.inst is       16383
WARNING in testbench.TOP.DM.inst at time             44855000 ns: 
Reading from out-of-range address. Max address in testbench.TOP.DM.inst is       16383
WARNING in testbench.TOP.DM.inst at time             45305000 ns: 
Reading from out-of-range address. Max address in testbench.TOP.DM.inst is       16383
WARNING in testbench.TOP.DM.inst at time             46005000 ns: 
Reading from out-of-range address. Max address in testbench.TOP.DM.inst is       16383
WARNING in testbench.TOP.DM.inst at time             46405000 ns: 
Reading from out-of-range address. Max address in testbench.TOP.DM.inst is       16383
WARNING in testbench.TOP.DM.inst at time             47005000 ns: 
Reading from out-of-range address. Max address in testbench.TOP.DM.inst is       16383
WARNING in testbench.TOP.DM.inst at time             47405000 ns: 
Reading from out-of-range address. Max address in testbench.TOP.DM.inst is       16383
WARNING in testbench.TOP.DM.inst at time             86455000 ns: 
Reading from out-of-range address. Max address in testbench.TOP.DM.inst is       16383
WARNING in testbench.TOP.DM.inst at time             86655000 ns: 
Reading from out-of-range address. Max address in testbench.TOP.DM.inst is       16383
WARNING in testbench.TOP.DM.inst at time             87005000 ns: 
Reading from out-of-range address. Max address in testbench.TOP.DM.inst is       16383
WARNING in testbench.TOP.DM.inst at time             87205000 ns: 
Reading from out-of-range address. Max address in testbench.TOP.DM.inst is       16383
WARNING in testbench.TOP.DM.inst at time             88905000 ns: 
Reading from out-of-range address. Max address in testbench.TOP.DM.inst is       16383
WARNING in testbench.TOP.DM.inst at time             89205000 ns: 
Reading from out-of-range address. Max address in testbench.TOP.DM.inst is       16383
WARNING in testbench.TOP.DM.inst at time             89505000 ns: 
Reading from out-of-range address. Max address in testbench.TOP.DM.inst is       16383
WARNING in testbench.TOP.DM.inst at time             89805000 ns: 
Reading from out-of-range address. Max address in testbench.TOP.DM.inst is       16383
WARNING in testbench.TOP.DM.inst at time             92205000 ns: 
Reading from out-of-range address. Max address in testbench.TOP.DM.inst is       16383
WARNING in testbench.TOP.DM.inst at time             92705000 ns: 
Reading from out-of-range address. Max address in testbench.TOP.DM.inst is       16383
WARNING in testbench.TOP.DM.inst at time             93255000 ns: 
Reading from out-of-range address. Max address in testbench.TOP.DM.inst is       16383
WARNING in testbench.TOP.DM.inst at time             93705000 ns: 
Reading from out-of-range address. Max address in testbench.TOP.DM.inst is       16383
WARNING in testbench.TOP.DM.inst at time             94455000 ns: 
Reading from out-of-range address. Max address in testbench.TOP.DM.inst is       16383
WARNING in testbench.TOP.DM.inst at time             94855000 ns: 
Reading from out-of-range address. Max address in testbench.TOP.DM.inst is       16383
WARNING in testbench.TOP.DM.inst at time             95455000 ns: 
Reading from out-of-range address. Max address in testbench.TOP.DM.inst is       16383
WARNING in testbench.TOP.DM.inst at time             95855000 ns: 
Reading from out-of-range address. Max address in testbench.TOP.DM.inst is       16383
WARNING in testbench.TOP.DM.inst at time             97555000 ns: 
Reading from out-of-range address. Max address in testbench.TOP.DM.inst is       16383
$finish called at time : 200020 ns : File "E:/Documents/Code/SoC_Lab/SingleCycle/cpuIO/project_1/project_1.srcs/sim_1/new/testbench.v" Line 34
