#-----------------------------------------------------------
# Vivado v2018.3 (64-bit)
# SW Build 2405991 on Thu Dec  6 23:38:27 MST 2018
# IP Build 2404404 on Fri Dec  7 01:43:56 MST 2018
# Start of session at: Thu Jul  7 09:21:02 2022
# Process ID: 8368
# Current directory: C:/Users/lenovo/Downloads/22_7_7_SingleCycle/SingleCycle/cpuIO
# Command line: vivado.exe -gui_launcher_event rodinguilauncherevent3480 C:\Users\lenovo\Downloads\22_7_7_SingleCycle\SingleCycle\cpuIO\CPU_Project.xpr
# Log file: C:/Users/lenovo/Downloads/22_7_7_SingleCycle/SingleCycle/cpuIO/vivado.log
# Journal file: C:/Users/lenovo/Downloads/22_7_7_SingleCycle/SingleCycle/cpuIO\vivado.jou
#-----------------------------------------------------------
start_gui
open_project C:/Users/lenovo/Downloads/22_7_7_SingleCycle/SingleCycle/cpuIO/CPU_Project.xpr
INFO: [Project 1-313] Project file moved from 'C:/Users/lenovo/Downloads/SingleCycle/cpuIO' since last save.
Scanning sources...
Finished scanning sources
INFO: [IP_Flow 19-234] Refreshing IP repositories
INFO: [IP_Flow 19-1704] No user IP repositories specified
INFO: [IP_Flow 19-2313] Loaded Vivado IP repository 'C:/Xilinx/Vivado/2018.3/data/ip'.
update_compile_order -fileset sources_1
add_files -norecurse C:/Users/lenovo/Downloads/22_7_7_SingleCycle/SingleCycle/cpuIO/CPU_Project.srcs/sources_1/new/iosel.v
update_compile_order -fileset sources_1
add_files -norecurse C:/Users/lenovo/Downloads/22_7_7_SingleCycle/SingleCycle/cpuIO/CPU_Project.srcs/sources_1/new/divider.v
update_compile_order -fileset sources_1
add_files -norecurse C:/Users/lenovo/Downloads/22_7_7_SingleCycle/SingleCycle/cpuIO/CPU_Project.srcs/sources_1/new/display.v
update_compile_order -fileset sources_1
export_ip_user_files -of_objects  [get_files C:/Users/lenovo/Downloads/22_7_7_SingleCycle/SingleCycle/cpuIO/CPU_Project.srcs/sources_1/ip/prgrom/prgrom.xci] -no_script -reset -force -quiet
remove_files  -fileset prgrom C:/Users/lenovo/Downloads/22_7_7_SingleCycle/SingleCycle/cpuIO/CPU_Project.srcs/sources_1/ip/prgrom/prgrom.xci
INFO: [Project 1-386] Moving file 'C:/Users/lenovo/Downloads/22_7_7_SingleCycle/SingleCycle/cpuIO/CPU_Project.srcs/sources_1/ip/prgrom/prgrom.xci' from fileset 'prgrom' to fileset 'sources_1'.
add_files -norecurse C:/Users/lenovo/Downloads/22_7_7_SingleCycle/SingleCycle/cpuIO/synthesized_ip/prgrom/prgrom.dcp
update_compile_order -fileset sources_1
export_ip_user_files -of_objects  [get_files C:/Users/lenovo/Downloads/22_7_7_SingleCycle/SingleCycle/cpuIO/CPU_Project.srcs/sources_1/ip/dram/dram.xci] -no_script -reset -force -quiet
remove_files  -fileset dram C:/Users/lenovo/Downloads/22_7_7_SingleCycle/SingleCycle/cpuIO/CPU_Project.srcs/sources_1/ip/dram/dram.xci
INFO: [Project 1-386] Moving file 'C:/Users/lenovo/Downloads/22_7_7_SingleCycle/SingleCycle/cpuIO/CPU_Project.srcs/sources_1/ip/dram/dram.xci' from fileset 'dram' to fileset 'sources_1'.
add_files -norecurse C:/Users/lenovo/Downloads/22_7_7_SingleCycle/SingleCycle/cpuIO/synthesized_ip/dram/dram.dcp
update_compile_order -fileset sources_1
launch_runs synth_1 -jobs 8
[Thu Jul  7 09:25:40 2022] Launched synth_1...
Run output will be captured here: C:/Users/lenovo/Downloads/22_7_7_SingleCycle/SingleCycle/cpuIO/CPU_Project.runs/synth_1/runme.log
reset_run synth_1
launch_runs synth_1 -jobs 8
[Thu Jul  7 09:26:24 2022] Launched synth_1...
Run output will be captured here: C:/Users/lenovo/Downloads/22_7_7_SingleCycle/SingleCycle/cpuIO/CPU_Project.runs/synth_1/runme.log
launch_runs impl_1 -jobs 8
[Thu Jul  7 09:27:49 2022] Launched impl_1...
Run output will be captured here: C:/Users/lenovo/Downloads/22_7_7_SingleCycle/SingleCycle/cpuIO/CPU_Project.runs/impl_1/runme.log
reset_run synth_1
launch_runs synth_1 -jobs 8
[Thu Jul  7 09:29:56 2022] Launched synth_1...
Run output will be captured here: C:/Users/lenovo/Downloads/22_7_7_SingleCycle/SingleCycle/cpuIO/CPU_Project.runs/synth_1/runme.log
launch_runs impl_1 -jobs 8
[Thu Jul  7 09:31:46 2022] Launched impl_1...
Run output will be captured here: C:/Users/lenovo/Downloads/22_7_7_SingleCycle/SingleCycle/cpuIO/CPU_Project.runs/impl_1/runme.log
set_property -dict [list CONFIG.PRIM_SOURCE {Global_buffer}] [get_ips cpuclk]
generate_target all [get_files  C:/Users/lenovo/Downloads/22_7_7_SingleCycle/SingleCycle/cpuIO/CPU_Project.srcs/sources_1/ip/cpuclk/cpuclk.xci]
INFO: [IP_Flow 19-1686] Generating 'Instantiation Template' target for IP 'cpuclk'...
INFO: [IP_Flow 19-1686] Generating 'Synthesis' target for IP 'cpuclk'...
INFO: [IP_Flow 19-1686] Generating 'Simulation' target for IP 'cpuclk'...
INFO: [IP_Flow 19-1686] Generating 'Implementation' target for IP 'cpuclk'...
INFO: [IP_Flow 19-1686] Generating 'Change Log' target for IP 'cpuclk'...
catch { config_ip_cache -export [get_ips -all cpuclk] }
export_ip_user_files -of_objects [get_files C:/Users/lenovo/Downloads/22_7_7_SingleCycle/SingleCycle/cpuIO/CPU_Project.srcs/sources_1/ip/cpuclk/cpuclk.xci] -no_script -sync -force -quiet
reset_run cpuclk_synth_1
launch_runs -jobs 8 cpuclk_synth_1
[Thu Jul  7 09:41:14 2022] Launched cpuclk_synth_1...
Run output will be captured here: C:/Users/lenovo/Downloads/22_7_7_SingleCycle/SingleCycle/cpuIO/CPU_Project.runs/cpuclk_synth_1/runme.log
export_simulation -of_objects [get_files C:/Users/lenovo/Downloads/22_7_7_SingleCycle/SingleCycle/cpuIO/CPU_Project.srcs/sources_1/ip/cpuclk/cpuclk.xci] -directory C:/Users/lenovo/Downloads/22_7_7_SingleCycle/SingleCycle/cpuIO/CPU_Project.ip_user_files/sim_scripts -ip_user_files_dir C:/Users/lenovo/Downloads/22_7_7_SingleCycle/SingleCycle/cpuIO/CPU_Project.ip_user_files -ipstatic_source_dir C:/Users/lenovo/Downloads/22_7_7_SingleCycle/SingleCycle/cpuIO/CPU_Project.ip_user_files/ipstatic -lib_map_path [list {modelsim=C:/Users/lenovo/Downloads/22_7_7_SingleCycle/SingleCycle/cpuIO/CPU_Project.cache/compile_simlib/modelsim} {questa=C:/Users/lenovo/Downloads/22_7_7_SingleCycle/SingleCycle/cpuIO/CPU_Project.cache/compile_simlib/questa} {riviera=C:/Users/lenovo/Downloads/22_7_7_SingleCycle/SingleCycle/cpuIO/CPU_Project.cache/compile_simlib/riviera} {activehdl=C:/Users/lenovo/Downloads/22_7_7_SingleCycle/SingleCycle/cpuIO/CPU_Project.cache/compile_simlib/activehdl}] -use_ip_compiled_libs -force -quiet
reset_run synth_1
WARNING: [Vivado 12-1017] Problems encountered:
1. Failed to delete one or more files in run directory C:/Users/lenovo/Downloads/22_7_7_SingleCycle/SingleCycle/cpuIO/CPU_Project.runs/synth_1

launch_runs synth_1 -jobs 8
[Thu Jul  7 09:41:22 2022] Launched cpuclk_synth_1...
Run output will be captured here: C:/Users/lenovo/Downloads/22_7_7_SingleCycle/SingleCycle/cpuIO/CPU_Project.runs/cpuclk_synth_1/runme.log
[Thu Jul  7 09:41:22 2022] Launched synth_1...
Run output will be captured here: C:/Users/lenovo/Downloads/22_7_7_SingleCycle/SingleCycle/cpuIO/CPU_Project.runs/synth_1/runme.log
launch_runs impl_1 -jobs 8
[Thu Jul  7 09:43:53 2022] Launched impl_1...
Run output will be captured here: C:/Users/lenovo/Downloads/22_7_7_SingleCycle/SingleCycle/cpuIO/CPU_Project.runs/impl_1/runme.log
launch_runs impl_1 -to_step write_bitstream -jobs 8
[Thu Jul  7 09:46:20 2022] Launched impl_1...
Run output will be captured here: C:/Users/lenovo/Downloads/22_7_7_SingleCycle/SingleCycle/cpuIO/CPU_Project.runs/impl_1/runme.log
open_hw
connect_hw_server
INFO: [Labtools 27-2285] Connecting to hw_server url TCP:localhost:3121
INFO: [Labtools 27-2222] Launching hw_server...
INFO: [Labtools 27-2221] Launch Output:

****** Xilinx hw_server v2018.3
  **** Build date : Dec  7 2018-00:40:27
    ** Copyright 1986-2018 Xilinx, Inc. All Rights Reserved.


disconnect_hw_server localhost:3121
connect_hw_server
INFO: [Labtools 27-2285] Connecting to hw_server url TCP:localhost:3121
disconnect_hw_server localhost:3121
connect_hw_server
INFO: [Labtools 27-2285] Connecting to hw_server url TCP:localhost:3121
disconnect_hw_server localhost:3121
connect_hw_server
INFO: [Labtools 27-2285] Connecting to hw_server url TCP:localhost:3121
disconnect_hw_server localhost:3121
connect_hw_server
INFO: [Labtools 27-2285] Connecting to hw_server url TCP:localhost:3121
INFO: [Labtools 27-2285] Connecting to hw_server url TCP:jsn1:3121
ERROR: [Labtools 27-2223] Unable to connect to hw_server with URL "TCP:jsn1:3121".
Resolution: 1. Check the host name, port number and network connectivity.
2. Check to ensure the hw_server is running on the target.
ERROR: [Common 17-39] 'connect_hw_server' failed due to earlier errors.
connect_hw_server
INFO: [Labtools 27-2285] Connecting to hw_server url TCP:localhost:3121
disconnect_hw_server localhost:3121
connect_hw_server
INFO: [Labtools 27-2285] Connecting to hw_server url TCP:localhost:3121
disconnect_hw_server localhost:3121
connect_hw_server
INFO: [Labtools 27-2285] Connecting to hw_server url TCP:localhost:3121
exit
INFO: [Common 17-206] Exiting Vivado at Thu Jul  7 09:54:48 2022...
