#-----------------------------------------------------------
# Vivado v2018.3 (64-bit)
# SW Build 2405991 on Thu Dec  6 23:38:27 MST 2018
# IP Build 2404404 on Fri Dec  7 01:43:56 MST 2018
# Start of session at: Thu Jul  7 09:54:53 2022
# Process ID: 10512
# Current directory: C:/Users/lenovo/Downloads/22_7_7_SingleCycle/SingleCycle/cpuIO
# Command line: vivado.exe -gui_launcher_event rodinguilauncherevent3516 C:\Users\lenovo\Downloads\22_7_7_SingleCycle\SingleCycle\cpuIO\CPU_Project.xpr
# Log file: C:/Users/lenovo/Downloads/22_7_7_SingleCycle/SingleCycle/cpuIO/vivado.log
# Journal file: C:/Users/lenovo/Downloads/22_7_7_SingleCycle/SingleCycle/cpuIO\vivado.jou
#-----------------------------------------------------------
start_gui
open_project C:/Users/lenovo/Downloads/22_7_7_SingleCycle/SingleCycle/cpuIO/CPU_Project.xpr
Scanning sources...
Finished scanning sources
INFO: [IP_Flow 19-234] Refreshing IP repositories
INFO: [IP_Flow 19-1704] No user IP repositories specified
INFO: [IP_Flow 19-2313] Loaded Vivado IP repository 'C:/Xilinx/Vivado/2018.3/data/ip'.
update_compile_order -fileset sources_1
open_hw
connect_hw_server
INFO: [Labtools 27-2285] Connecting to hw_server url TCP:localhost:3121
INFO: [Labtools 27-2222] Launching hw_server...
INFO: [Labtools 27-2221] Launch Output:

****** Xilinx hw_server v2018.3
  **** Build date : Dec  7 2018-00:40:27
    ** Copyright 1986-2018 Xilinx, Inc. All Rights Reserved.


INFO: [Labtools 27-2285] Connecting to hw_server url TCP:jsn1:3121
ERROR: [Labtools 27-2223] Unable to connect to hw_server with URL "TCP:jsn1:3121".
Resolution: 1. Check the host name, port number and network connectivity.
2. Check to ensure the hw_server is running on the target.
ERROR: [Common 17-39] 'connect_hw_server' failed due to earlier errors.
connect_hw_server
INFO: [Labtools 27-2285] Connecting to hw_server url TCP:localhost:3121
refresh_hw_server {localhost:3121}
WARNING: [Labtoolstcl 44-27] No hardware targets exist on the server [localhost:3121]
Check to make sure the cable targets connected to this machine are properly connected
and powered up, then use the refresh_hw_server command to re-register the hardware targets.
disconnect_hw_server localhost:3121
connect_hw_server
INFO: [Labtools 27-2285] Connecting to hw_server url TCP:localhost:3121
disconnect_hw_server localhost:3121
connect_hw_server
INFO: [Labtools 27-2285] Connecting to hw_server url TCP:localhost:3121
disconnect_hw_server localhost:3121
connect_hw_server
INFO: [Labtools 27-2285] Connecting to hw_server url TCP:localhost:3121
disconnect_hw_server localhost:3121
connect_hw_server
INFO: [Labtools 27-2285] Connecting to hw_server url TCP:localhost:3121
exit
INFO: [Common 17-206] Exiting Vivado at Thu Jul  7 10:08:12 2022...
