#-----------------------------------------------------------
# Vivado v2018.3 (64-bit)
# SW Build 2405991 on Thu Dec  6 23:38:27 MST 2018
# IP Build 2404404 on Fri Dec  7 01:43:56 MST 2018
# Start of session at: Thu Jul  7 11:11:14 2022
# Process ID: 4156
# Current directory: C:/Users/lenovo/Downloads/22_7_7_SingleCycle/SingleCycle/cpuIO
# Command line: vivado.exe -gui_launcher_event rodinguilauncherevent5924 C:\Users\lenovo\Downloads\22_7_7_SingleCycle\SingleCycle\cpuIO\CPU_Project.xpr
# Log file: C:/Users/lenovo/Downloads/22_7_7_SingleCycle/SingleCycle/cpuIO/vivado.log
# Journal file: C:/Users/lenovo/Downloads/22_7_7_SingleCycle/SingleCycle/cpuIO\vivado.jou
#-----------------------------------------------------------
start_gui
open_project C:/Users/lenovo/Downloads/22_7_7_SingleCycle/SingleCycle/cpuIO/CPU_Project.xpr
INFO: [Project 1-313] Project file moved from 'C:/Users/lenovo/Downloads/SingleCycle/cpuIO' since last save.
Scanning sources...
Finished scanning sources
INFO: [IP_Flow 19-234] Refreshing IP repositories
INFO: [IP_Flow 19-1704] No user IP repositories specified
INFO: [IP_Flow 19-2313] Loaded Vivado IP repository 'C:/Xilinx/Vivado/2018.3/data/ip'.
update_compile_order -fileset sources_1
launch_runs synth_1 -jobs 8
[Thu Jul  7 11:11:32 2022] Launched synth_1...
Run output will be captured here: C:/Users/lenovo/Downloads/22_7_7_SingleCycle/SingleCycle/cpuIO/CPU_Project.runs/synth_1/runme.log
reset_run synth_1
launch_runs synth_1 -jobs 8
[Thu Jul  7 11:12:07 2022] Launched synth_1...
Run output will be captured here: C:/Users/lenovo/Downloads/22_7_7_SingleCycle/SingleCycle/cpuIO/CPU_Project.runs/synth_1/runme.log
add_files -norecurse C:/Users/lenovo/Downloads/22_7_7_SingleCycle/SingleCycle/cpuIO/CPU_Project.srcs/sources_1/new/divider.v
update_compile_order -fileset sources_1
add_files -norecurse C:/Users/lenovo/Downloads/22_7_7_SingleCycle/SingleCycle/cpuIO/CPU_Project.srcs/sources_1/new/display.v
update_compile_order -fileset sources_1
add_files -norecurse C:/Users/lenovo/Downloads/22_7_7_SingleCycle/SingleCycle/cpuIO/CPU_Project.srcs/sources_1/new/iosel.v
update_compile_order -fileset sources_1
reset_run synth_1
launch_runs synth_1 -jobs 8
[Thu Jul  7 11:15:46 2022] Launched synth_1...
Run output will be captured here: C:/Users/lenovo/Downloads/22_7_7_SingleCycle/SingleCycle/cpuIO/CPU_Project.runs/synth_1/runme.log
launch_runs impl_1 -jobs 8
[Thu Jul  7 11:17:15 2022] Launched impl_1...
Run output will be captured here: C:/Users/lenovo/Downloads/22_7_7_SingleCycle/SingleCycle/cpuIO/CPU_Project.runs/impl_1/runme.log
launch_runs impl_1 -to_step write_bitstream -jobs 8
[Thu Jul  7 11:18:44 2022] Launched impl_1...
Run output will be captured here: C:/Users/lenovo/Downloads/22_7_7_SingleCycle/SingleCycle/cpuIO/CPU_Project.runs/impl_1/runme.log
reset_run synth_1
launch_runs synth_1 -jobs 8
[Thu Jul  7 11:19:28 2022] Launched synth_1...
Run output will be captured here: C:/Users/lenovo/Downloads/22_7_7_SingleCycle/SingleCycle/cpuIO/CPU_Project.runs/synth_1/runme.log
launch_runs impl_1 -jobs 8
[Thu Jul  7 11:20:58 2022] Launched impl_1...
Run output will be captured here: C:/Users/lenovo/Downloads/22_7_7_SingleCycle/SingleCycle/cpuIO/CPU_Project.runs/impl_1/runme.log
launch_runs impl_1 -to_step write_bitstream -jobs 8
[Thu Jul  7 11:22:14 2022] Launched impl_1...
Run output will be captured here: C:/Users/lenovo/Downloads/22_7_7_SingleCycle/SingleCycle/cpuIO/CPU_Project.runs/impl_1/runme.log
open_hw
connect_hw_server
INFO: [Labtools 27-2285] Connecting to hw_server url TCP:localhost:3121
INFO: [Labtools 27-2222] Launching hw_server...
INFO: [Labtools 27-2221] Launch Output:

****** Xilinx hw_server v2018.3
  **** Build date : Dec  7 2018-00:40:27
    ** Copyright 1986-2018 Xilinx, Inc. All Rights Reserved.


ERROR: [Labtoolstcl 44-494] There is no active target available for server at localhost.
 Targets(s) ", jsn1" may be locked by another hw_server.
INFO: [Labtools 27-2285] Connecting to hw_server url TCP:jsn1:3121
ERROR: [Labtools 27-2223] Unable to connect to hw_server with URL "TCP:jsn1:3121".
Resolution: 1. Check the host name, port number and network connectivity.
2. Check to ensure the hw_server is running on the target.
ERROR: [Common 17-39] 'connect_hw_server' failed due to earlier errors.
connect_hw_server
INFO: [Labtools 27-2285] Connecting to hw_server url TCP:localhost:3121
open_hw_target
INFO: [Labtoolstcl 44-466] Opening hw_target localhost:3121/xilinx_tcf/Xilinx/Port_#0006.Hub_#0001
set_property PROGRAM.FILE {C:/Users/lenovo/Downloads/22_7_7_SingleCycle/SingleCycle/cpuIO/CPU_Project.runs/impl_1/top.bit} [get_hw_devices xc7a100t_0]
current_hw_device [get_hw_devices xc7a100t_0]
refresh_hw_device -update_hw_probes false [lindex [get_hw_devices xc7a100t_0] 0]
INFO: [Labtools 27-1434] Device xc7a100t (JTAG device index = 0) is programmed with a design that has no supported debug core(s) in it.
set_property PROBES.FILE {} [get_hw_devices xc7a100t_0]
set_property FULL_PROBES.FILE {} [get_hw_devices xc7a100t_0]
set_property PROGRAM.FILE {C:/Users/lenovo/Downloads/22_7_7_SingleCycle/SingleCycle/cpuIO/CPU_Project.runs/impl_1/top.bit} [get_hw_devices xc7a100t_0]
program_hw_devices [get_hw_devices xc7a100t_0]
INFO: [Labtools 27-3164] End of startup status: HIGH
program_hw_devices: Time (s): cpu = 00:00:08 ; elapsed = 00:00:08 . Memory (MB): peak = 1880.559 ; gain = 0.000
refresh_hw_device [lindex [get_hw_devices xc7a100t_0] 0]
INFO: [Labtools 27-1434] Device xc7a100t (JTAG device index = 0) is programmed with a design that has no supported debug core(s) in it.
exit
INFO: [Common 17-206] Exiting Vivado at Thu Jul  7 11:34:11 2022...
