#-----------------------------------------------------------
# Vivado v2018.3 (64-bit)
# SW Build 2405991 on Thu Dec  6 23:38:27 MST 2018
# IP Build 2404404 on Fri Dec  7 01:43:56 MST 2018
# Start of session at: Mon Jul  4 08:42:29 2022
# Process ID: 5168
# Current directory: C:/Users/lenovo/Downloads/22_7_1_CPU_Project/CPU_Project
# Command line: vivado.exe -gui_launcher_event rodinguilauncherevent3892 C:\Users\lenovo\Downloads\22_7_1_CPU_Project\CPU_Project\CPU_Project.xpr
# Log file: C:/Users/lenovo/Downloads/22_7_1_CPU_Project/CPU_Project/vivado.log
# Journal file: C:/Users/lenovo/Downloads/22_7_1_CPU_Project/CPU_Project\vivado.jou
#-----------------------------------------------------------
start_gui
open_project C:/Users/lenovo/Downloads/22_7_1_CPU_Project/CPU_Project/CPU_Project.xpr
INFO: [Project 1-313] Project file moved from 'C:/Users/lenovo/Downloads/22_6_30_CPU_Project/CPU_Project' since last save.
Scanning sources...
Finished scanning sources
INFO: [IP_Flow 19-234] Refreshing IP repositories
INFO: [IP_Flow 19-1704] No user IP repositories specified
INFO: [IP_Flow 19-2313] Loaded Vivado IP repository 'C:/Xilinx/Vivado/2018.3/data/ip'.
open_project: Time (s): cpu = 00:00:12 ; elapsed = 00:00:05 . Memory (MB): peak = 843.426 ; gain = 202.168
update_compile_order -fileset sources_1
close [ open C:/Users/lenovo/Downloads/22_7_1_CPU_Project/CPU_Project/CPU_Project.srcs/sources_1/new/top.v w ]
add_files C:/Users/lenovo/Downloads/22_7_1_CPU_Project/CPU_Project/CPU_Project.srcs/sources_1/new/top.v
update_compile_order -fileset sources_1
update_compile_order -fileset sources_1
exit
INFO: [Common 17-206] Exiting Vivado at Mon Jul  4 09:04:59 2022...
